{"C:\\Users\\Aluno\\Desktop\\study-jest\\calculadora\\operacoes.js": {"path":"C:\\Users\\Aluno\\Desktop\\study-jest\\calculadora\\operacoes.js","statementMap":{"0":{"start":{"line":3,"column":14},"end":{"line":3,"column":21}},"1":{"start":{"line":4,"column":4},"end":{"line":4,"column":14}},"2":{"start":{"line":8,"column":14},"end":{"line":8,"column":21}},"3":{"start":{"line":9,"column":4},"end":{"line":9,"column":14}},"4":{"start":{"line":13,"column":14},"end":{"line":13,"column":21}},"5":{"start":{"line":14,"column":4},"end":{"line":14,"column":14}},"6":{"start":{"line":18,"column":14},"end":{"line":18,"column":21}},"7":{"start":{"line":19,"column":4},"end":{"line":19,"column":14}},"8":{"start":{"line":23,"column":14},"end":{"line":23,"column":20}},"9":{"start":{"line":24,"column":4},"end":{"line":24,"column":15}}},"fnMap":{"0":{"name":"somar","decl":{"start":{"line":2,"column":9},"end":{"line":2,"column":14}},"loc":{"start":{"line":2,"column":22},"end":{"line":5,"column":1}},"line":2},"1":{"name":"subtrair","decl":{"start":{"line":7,"column":9},"end":{"line":7,"column":17}},"loc":{"start":{"line":7,"column":25},"end":{"line":10,"column":1}},"line":7},"2":{"name":"multiplicar","decl":{"start":{"line":12,"column":9},"end":{"line":12,"column":20}},"loc":{"start":{"line":12,"column":28},"end":{"line":15,"column":1}},"line":12},"3":{"name":"dividir","decl":{"start":{"line":17,"column":9},"end":{"line":17,"column":16}},"loc":{"start":{"line":17,"column":24},"end":{"line":20,"column":1}},"line":17},"4":{"name":"exponenciar","decl":{"start":{"line":22,"column":9},"end":{"line":22,"column":20}},"loc":{"start":{"line":22,"column":27},"end":{"line":25,"column":1}},"line":22}},"branchMap":{},"s":{"0":1,"1":1,"2":1,"3":1,"4":1,"5":1,"6":1,"7":1,"8":1,"9":1},"f":{"0":1,"1":1,"2":1,"3":1,"4":1},"b":{},"_coverageSchema":"1a1c01bbd47fc00a2c39e90264f33305004495a9","hash":"6f1ee37e5777354f52738d89d81e91b3d6305260"}
}
